#
# A fatal error has been detected by the Java Runtime Environment:
#
#  EXCEPTION_ACCESS_VIOLATION (0xc0000005) at pc=0x00007ff9e5ea4c32, pid=280, tid=4572
#
# JRE version: Java(TM) SE Runtime Environment (8.0_73-b02) (build 1.8.0_73-b02)
# Java VM: Java HotSpot(TM) 64-Bit Server VM (25.73-b02 mixed mode windows-amd64 compressed oops)
# Problematic frame:
# C  [NahimicMSIOSD.dll+0x4c32]
#
# Failed to write core dump. Minidumps are not enabled by default on client versions of Windows
#
# If you would like to submit a bug report, please visit:
#   http://bugreport.java.com/bugreport/crash.jsp
# The crash happened outside the Java Virtual Machine in native code.
# See problematic frame for where to report the bug.
#

---------------  T H R E A D  ---------------

Current thread (0x0000000003100800):  JavaThread "main" [_thread_in_native, id=4572, stack(0x0000000002f80000,0x0000000003080000)]

siginfo: ExceptionCode=0xc0000005, reading address 0x00000000026b0020

Registers:
RAX=0x000000000307e008, RBX=0x00000000026b0020, RCX=0x00000000026b0020, RDX=0x000000000307e480
RSP=0x000000000307dbd0, RBP=0xffffffffc5011e00, RSI=0x000000000307e480, RDI=0x00007ff9e5ee5470
R8 =0x00007ff9e5ea0000, R9 =0x0000000000000016, R10=0x0000000000000010, R11=0x00007ff9f1313410
R12=0x0000000000000000, R13=0x0000000000000002, R14=0x0000000000270bc4, R15=0x0000000003100800
RIP=0x00007ff9e5ea4c32, EFLAGS=0x0000000000010202

Top of Stack: (sp=0x000000000307dbd0)
0x000000000307dbd0:   0000c68c63b554c1 00007ff9f11dc238
0x000000000307dbe0:   0000000000000003 000000000307dd40
0x000000000307dbf0:   fffffffffffffffe 000000000307dd18
0x000000000307dc00:   00000000000004b4 0000000000f41764
0x000000000307dc10:   000000000307dc71 00007ff9f11dc238
0x000000000307dc20:   0000000000000000 000000000307dc68
0x000000000307dc30:   000000000307dc64 0000000000000000
0x000000000307dc40:   000000000307dc74 000000000307dc70
0x000000000307dc50:   0000000000000000 0000000300000002
0x000000000307dc60:   000004b400000002 0000000000f41764
0x000000000307dc70:   000000017cad69fa 0000000000000000
0x000000000307dc80:   0000000000000000 0000000300000020
0x000000000307dc90:   0000000000000000 0000000300000002
0x000000000307dca0:   0000000000000002 0000000000000000
0x000000000307dcb0:   0000000000000000 000000000307dea8
0x000000000307dcc0:   000000000307ddd0 00007ff9f11dbdff 

Instructions: (pc=0x00007ff9e5ea4c32)
0x00007ff9e5ea4c12:   c4 57 48 81 ec 30 04 00 00 48 c7 44 24 20 fe ff
0x00007ff9e5ea4c22:   ff ff 48 89 58 08 48 89 70 10 48 8b f2 48 8b d9
0x00007ff9e5ea4c32:   48 83 39 00 74 7f 48 83 c1 08 ff 15 4e a4 02 00
0x00007ff9e5ea4c42:   48 8b f8 48 85 c0 74 6d 41 b8 00 02 00 00 48 8d 


Register to memory mapping:

RAX=0x000000000307e008 is pointing into the stack for thread: 0x0000000003100800
RBX=0x00000000026b0020 is an unknown value
RCX=0x00000000026b0020 is an unknown value
RDX=0x000000000307e480 is pointing into the stack for thread: 0x0000000003100800
RSP=0x000000000307dbd0 is pointing into the stack for thread: 0x0000000003100800
RBP=0xffffffffc5011e00 is an unknown value
RSI=0x000000000307e480 is pointing into the stack for thread: 0x0000000003100800
RDI=0x00007ff9e5ee5470 is an unknown value
R8 =0x00007ff9e5ea0000 is an unknown value
R9 =0x0000000000000016 is an unknown value
R10=0x0000000000000010 is an unknown value
R11=0x00007ff9f1313410 is an unknown value
R12=0x0000000000000000 is an unknown value
R13=0x0000000000000002 is an unknown value
R14=0x0000000000270bc4 is an unknown value
R15=0x0000000003100800 is a thread


Stack: [0x0000000002f80000,0x0000000003080000],  sp=0x000000000307dbd0,  free space=1014k
Native frames: (J=compiled Java code, j=interpreted, Vv=VM code, C=native code)
C  [NahimicMSIOSD.dll+0x4c32]
C  [NahimicMSIOSD.dll+0xa9aa]
C  [NahimicMSIOSD.dll+0x5252]
C  [NahimicMSIOSD.dll+0x4a0a]
C  [NahimicMSIOSD.dll+0x32d9]
C  [NahimicMSIOSD.dll+0x106a6]
C  [NahimicMSIOSD.dll+0xbded]
C  [NahimicMSIOSD.dll+0x52eb]
C  [NahimicMSIOSD.dll+0x549c]
C  [NahimicMSIOSD.dll+0x5337]
C  [gdi32full.dll+0x7485e]
C  0x0000000003215e34

Java frames: (J=compiled Java code, j=interpreted, Vv=VM code)
j  org.lwjgl.opengl.WindowsContextImplementation.nSwapBuffers(Ljava/nio/ByteBuffer;)V+0
j  org.lwjgl.opengl.WindowsContextImplementation.swapBuffers()V+35
j  org.lwjgl.opengl.ContextGL.swapBuffers()V+3
j  org.lwjgl.opengl.DrawableGL.swapBuffers()V+0
j  org.lwjgl.opengl.Display.swapBuffers()V+39
j  org.lwjgl.opengl.Display.update(Z)V+44
j  org.lwjgl.opengl.Display.update()V+1
j  org.lwjgl.opengl.Display.initContext()V+17
j  org.lwjgl.opengl.Display.create(Lorg/lwjgl/opengl/PixelFormat;Lorg/lwjgl/opengl/Drawable;Lorg/lwjgl/opengl/ContextAttribs;)V+111
j  org.lwjgl.opengl.Display.create(Lorg/lwjgl/opengl/PixelFormat;)V+12
j  org.newdawn.slick.AppGameContainer.tryCreateDisplay(Lorg/lwjgl/opengl/PixelFormat;)V+7
j  org.newdawn.slick.AppGameContainer.access$000(Lorg/newdawn/slick/AppGameContainer;Lorg/lwjgl/opengl/PixelFormat;)V+2
j  org.newdawn.slick.AppGameContainer$2.run()Ljava/lang/Object;+36
v  ~StubRoutines::call_stub
j  java.security.AccessController.doPrivileged(Ljava/security/PrivilegedAction;)Ljava/lang/Object;+0
j  org.newdawn.slick.AppGameContainer.setup()V+112
j  org.newdawn.slick.AppGameContainer.start()V+1
j  Main.main([Ljava/lang/String;)V+27
v  ~StubRoutines::call_stub

---------------  P R O C E S S  ---------------

Java Threads: ( => current thread )
  0x000000001585d000 JavaThread "Service Thread" daemon [_thread_blocked, id=10352, stack(0x0000000017160000,0x0000000017260000)]
  0x0000000015838800 JavaThread "C1 CompilerThread2" daemon [_thread_blocked, id=11824, stack(0x0000000017060000,0x0000000017160000)]
  0x0000000015828000 JavaThread "C2 CompilerThread1" daemon [_thread_blocked, id=11780, stack(0x0000000016f60000,0x0000000017060000)]
  0x000000001580c000 JavaThread "C2 CompilerThread0" daemon [_thread_blocked, id=9376, stack(0x0000000016e60000,0x0000000016f60000)]
  0x000000001580a000 JavaThread "Attach Listener" daemon [_thread_blocked, id=11936, stack(0x0000000016d60000,0x0000000016e60000)]
  0x0000000015809000 JavaThread "Signal Dispatcher" daemon [_thread_blocked, id=6576, stack(0x0000000016c60000,0x0000000016d60000)]
  0x00000000031f6000 JavaThread "Finalizer" daemon [_thread_blocked, id=11764, stack(0x0000000016a70000,0x0000000016b70000)]
  0x00000000031ed000 JavaThread "Reference Handler" daemon [_thread_blocked, id=5396, stack(0x0000000016970000,0x0000000016a70000)]
=>0x0000000003100800 JavaThread "main" [_thread_in_native, id=4572, stack(0x0000000002f80000,0x0000000003080000)]

Other Threads:
  0x00000000157d7800 VMThread [stack: 0x0000000016870000,0x0000000016970000] [id=956]
  0x0000000015869000 WatcherThread [stack: 0x0000000017660000,0x0000000017760000] [id=7836]

VM state:not at safepoint (normal execution)

VM Mutex/Monitor currently owned by a thread: None

Heap:
 PSYoungGen      total 18944K, used 5376K [0x00000000eb180000, 0x00000000ec680000, 0x0000000100000000)
  eden space 16384K, 32% used [0x00000000eb180000,0x00000000eb6c02c8,0x00000000ec180000)
  from space 2560K, 0% used [0x00000000ec400000,0x00000000ec400000,0x00000000ec680000)
  to   space 2560K, 0% used [0x00000000ec180000,0x00000000ec180000,0x00000000ec400000)
 ParOldGen       total 44032K, used 0K [0x00000000c1400000, 0x00000000c3f00000, 0x00000000eb180000)
  object space 44032K, 0% used [0x00000000c1400000,0x00000000c1400000,0x00000000c3f00000)
 Metaspace       used 4790K, capacity 5667K, committed 5888K, reserved 1056768K
  class space    used 479K, capacity 496K, committed 512K, reserved 1048576K

Card table byte_map: [0x00000000125c0000,0x00000000127c0000] byte_map_base: 0x0000000011fb6000

Marking Bits: (ParMarkBitMap*) 0x000000006b500600
 Begin Bits: [0x0000000012d10000, 0x0000000013cc0000)
 End Bits:   [0x0000000013cc0000, 0x0000000014c70000)

Polling page: 0x00000000013e0000

CodeCache: size=245760Kb used=1667Kb max_used=1667Kb free=244092Kb
 bounds [0x0000000003200000, 0x0000000003470000, 0x0000000012200000]
 total_blobs=617 nmethods=268 adapters=262
 compilation: enabled

Compilation events (10 events):
Event: 20.804 Thread 0x0000000015838800  263       3       java.util.HashSet::contains (9 bytes)
Event: 20.804 Thread 0x0000000015838800 nmethod 263 0x000000000339c890 code [0x000000000339ca00, 0x000000000339cc28]
Event: 20.808 Thread 0x000000001580c000  264   !   4       sun.nio.cs.ISO_8859_1$Encoder::encodeBufferLoop (135 bytes)
Event: 20.814 Thread 0x000000001580c000 nmethod 264 0x000000000339fc90 code [0x000000000339fe00, 0x00000000033a01d8]
Event: 20.815 Thread 0x0000000015838800  265       1       java.nio.charset.CharsetEncoder::implReset (1 bytes)
Event: 20.815 Thread 0x0000000015838800 nmethod 265 0x000000000339f9d0 code [0x000000000339fb20, 0x000000000339fc30]
Event: 20.825 Thread 0x0000000015838800  266       1       sun.nio.cs.ISO_8859_1$Encoder::implReplaceWith (8 bytes)
Event: 20.825 Thread 0x0000000015838800 nmethod 266 0x000000000339f690 code [0x000000000339f7e0, 0x000000000339f910]
Event: 20.833 Thread 0x0000000015838800  267       3       java.util.zip.ZipCoder::getBytes (192 bytes)
Event: 20.835 Thread 0x0000000015838800 nmethod 267 0x00000000033a05d0 code [0x00000000033a0980, 0x00000000033a2be8]

GC Heap History (0 events):
No events

Deoptimization events (0 events):
No events

Internal exceptions (6 events):
Event: 0.438 Thread 0x0000000003100800 Exception <a 'java/lang/NoSuchMethodError': Method sun.misc.Unsafe.defineClass(Ljava/lang/String;[BII)Ljava/lang/Class; name or signature does not match> (0x00000000eb18cd78) thrown at [D:\re\puppet\workspace\8-2-build-windows-amd64-cygwin\jdk8u73\6086\hot∞{#ºË‹?
Event: 0.438 Thread 0x0000000003100800 Exception <a 'java/lang/NoSuchMethodError': Method sun.misc.Unsafe.prefetchRead(Ljava/lang/Object;J)V name or signature does not match> (0x00000000eb18d060) thrown at [D:\re\puppet\workspace\8-2-build-windows-amd64-cygwin\jdk8u73\6086\hotspot\src\share\vm\ÓÍ—@w3@
Event: 2.150 Thread 0x0000000003100800 Exception <a 'java/security/PrivilegedActionException'> (0x00000000eb3e7708) thrown at [D:\re\puppet\workspace\8-2-build-windows-amd64-cygwin\jdk8u73\6086\hotspot\src\share\vm\prims\jvm.cpp, line 1386]
Event: 2.150 Thread 0x0000000003100800 Exception <a 'java/security/PrivilegedActionException'> (0x00000000eb3e7918) thrown at [D:\re\puppet\workspace\8-2-build-windows-amd64-cygwin\jdk8u73\6086\hotspot\src\share\vm\prims\jvm.cpp, line 1386]
Event: 2.151 Thread 0x0000000003100800 Exception <a 'java/security/PrivilegedActionException'> (0x00000000eb3eb4c0) thrown at [D:\re\puppet\workspace\8-2-build-windows-amd64-cygwin\jdk8u73\6086\hotspot\src\share\vm\prims\jvm.cpp, line 1386]
Event: 2.151 Thread 0x0000000003100800 Exception <a 'java/security/PrivilegedActionException'> (0x00000000eb3eb6d0) thrown at [D:\re\puppet\workspace\8-2-build-windows-amd64-cygwin\jdk8u73\6086\hotspot\src\share\vm\prims\jvm.cpp, line 1386]

Events (10 events):
Event: 20.271 loading class org/lwjgl/opengl/GL11
Event: 20.271 loading class org/lwjgl/opengl/GL11 done
Event: 20.279 loading class org/lwjgl/BufferChecks
Event: 20.279 loading class org/lwjgl/BufferChecks done
Event: 20.594 loading class org/lwjgl/opengl/GL30
Event: 20.594 loading class org/lwjgl/opengl/GL30 done
Event: 20.715 loading class org/lwjgl/opengl/Util
Event: 20.715 loading class org/lwjgl/opengl/Util done
Event: 20.830 loading class org/lwjgl/opengl/ReferencesStack
Event: 20.830 loading class org/lwjgl/opengl/ReferencesStack done


Dynamic libraries:
0x00007ff7a4180000 - 0x00007ff7a41b7000 	C:\Program Files\Java\jre1.8.0_73\bin\javaw.exe
0x00007ff9f11b0000 - 0x00007ff9f1381000 	C:\WINDOWS\SYSTEM32\ntdll.dll
0x00007ff9ee740000 - 0x00007ff9ee7eb000 	C:\WINDOWS\System32\KERNEL32.DLL
0x00007ff9ee150000 - 0x00007ff9ee36d000 	C:\WINDOWS\System32\KERNELBASE.dll
0x00007ff9eeb40000 - 0x00007ff9eebe2000 	C:\WINDOWS\System32\ADVAPI32.dll
0x00007ff9f0e10000 - 0x00007ff9f0eae000 	C:\WINDOWS\System32\msvcrt.dll
0x00007ff9f10f0000 - 0x00007ff9f1149000 	C:\WINDOWS\System32\sechost.dll
0x00007ff9eed00000 - 0x00007ff9eee21000 	C:\WINDOWS\System32\RPCRT4.dll
0x00007ff9ef2c0000 - 0x00007ff9ef425000 	C:\WINDOWS\System32\USER32.dll
0x00007ff9ed870000 - 0x00007ff9ed88e000 	C:\WINDOWS\System32\win32u.dll
0x00007ff9ef280000 - 0x00007ff9ef2b4000 	C:\WINDOWS\System32\GDI32.dll
0x00007ff9edf70000 - 0x00007ff9ee0f2000 	C:\WINDOWS\System32\gdi32full.dll
0x00007ff9e7680000 - 0x00007ff9e78f9000 	C:\WINDOWS\WinSxS\amd64_microsoft.windows.common-controls_6595b64144ccf1df_6.0.14393.0_none_2d0f50fcbdb171b8\COMCTL32.dll
0x00007ff9ee860000 - 0x00007ff9eeb27000 	C:\WINDOWS\System32\combase.dll
0x00007ff9ee640000 - 0x00007ff9ee735000 	C:\WINDOWS\System32\ucrtbase.dll
0x00007ff9ee520000 - 0x00007ff9ee58a000 	C:\WINDOWS\System32\bcryptPrimitives.dll
0x00007ff9ef810000 - 0x00007ff9ef83e000 	C:\WINDOWS\System32\IMM32.DLL
0x000000006ab00000 - 0x000000006abd2000 	C:\Program Files\Java\jre1.8.0_73\bin\msvcr100.dll
0x000000006acf0000 - 0x000000006b580000 	C:\Program Files\Java\jre1.8.0_73\bin\server\jvm.dll
0x00007ff9eebf0000 - 0x00007ff9eebf8000 	C:\WINDOWS\System32\PSAPI.DLL
0x00007ff9e1980000 - 0x00007ff9e1989000 	C:\WINDOWS\SYSTEM32\WSOCK32.dll
0x00007ff9eb400000 - 0x00007ff9eb423000 	C:\WINDOWS\SYSTEM32\WINMM.dll
0x00007ff9e8c90000 - 0x00007ff9e8c9a000 	C:\WINDOWS\SYSTEM32\VERSION.dll
0x00007ff9ef730000 - 0x00007ff9ef79a000 	C:\WINDOWS\System32\WS2_32.dll
0x00007ff9eb3d0000 - 0x00007ff9eb3fb000 	C:\WINDOWS\SYSTEM32\WINMMBASE.dll
0x00007ff9ee100000 - 0x00007ff9ee142000 	C:\WINDOWS\System32\cfgmgr32.dll
0x000000006b970000 - 0x000000006b97f000 	C:\Program Files\Java\jre1.8.0_73\bin\verify.dll
0x000000006acc0000 - 0x000000006ace9000 	C:\Program Files\Java\jre1.8.0_73\bin\java.dll
0x000000006aca0000 - 0x000000006acb6000 	C:\Program Files\Java\jre1.8.0_73\bin\zip.dll
0x00007ff9ef840000 - 0x00007ff9f0d48000 	C:\WINDOWS\System32\SHELL32.dll
0x00007ff9ed890000 - 0x00007ff9edf6a000 	C:\WINDOWS\System32\windows.storage.dll
0x00007ff9ed640000 - 0x00007ff9ed68c000 	C:\WINDOWS\System32\powrprof.dll
0x00007ff9ef7b0000 - 0x00007ff9ef802000 	C:\WINDOWS\System32\shlwapi.dll
0x00007ff9ed630000 - 0x00007ff9ed63f000 	C:\WINDOWS\System32\kernel.appcore.dll
0x00007ff9ee590000 - 0x00007ff9ee639000 	C:\WINDOWS\System32\shcore.dll
0x00007ff9ed610000 - 0x00007ff9ed624000 	C:\WINDOWS\System32\profapi.dll
0x0000000180000000 - 0x0000000180053000 	C:\Users\Alec\workspace\SurvivalShooter\windows\lwjgl64.dll
0x00007ff9d6610000 - 0x00007ff9d6733000 	C:\WINDOWS\SYSTEM32\OPENGL32.dll
0x00007ff9d78a0000 - 0x00007ff9d78cd000 	C:\WINDOWS\SYSTEM32\GLU32.dll
0x00007ff9d6510000 - 0x00007ff9d6607000 	C:\WINDOWS\SYSTEM32\DDRAW.dll
0x00007ff9ddd30000 - 0x00007ff9ddd38000 	C:\WINDOWS\SYSTEM32\DCIMAN32.dll
0x00007ff9ebe20000 - 0x00007ff9ebeb5000 	C:\WINDOWS\system32\uxtheme.dll
0x00007ff9ef430000 - 0x00007ff9ef58b000 	C:\WINDOWS\System32\MSCTF.dll
0x00007ff9f0d50000 - 0x00007ff9f0e0f000 	C:\WINDOWS\System32\OLEAUT32.dll
0x00007ff9ee370000 - 0x00007ff9ee40c000 	C:\WINDOWS\System32\msvcp_win.dll
0x00007ff9dfd50000 - 0x00007ff9dfd85000 	C:\Program Files\Nahimic\NahimicMSI\UserInterface\x64\NahimicMSIDevProps.dll
0x00007ff9ef5f0000 - 0x00007ff9ef727000 	C:\WINDOWS\System32\ole32.dll
0x00007ff9e5ea0000 - 0x00007ff9e5eed000 	C:\Program Files\Nahimic\NahimicMSI\UserInterface\x64\NahimicMSIOSD.dll
0x00007ff9eae90000 - 0x00007ff9eaeb6000 	C:\WINDOWS\system32\dwmapi.dll
0x00007ff9f1050000 - 0x00007ff9f10ef000 	C:\WINDOWS\System32\clbcatq.dll
0x00007ff9e82a0000 - 0x00007ff9e8311000 	C:\WINDOWS\System32\MMDevApi.dll
0x00007ff9ea9e0000 - 0x00007ff9eab65000 	C:\WINDOWS\System32\PROPSYS.dll
0x00007ff9ec260000 - 0x00007ff9ec288000 	C:\WINDOWS\System32\DEVOBJ.dll
0x00007ff9cdb30000 - 0x00007ff9cdbc4000 	C:\WINDOWS\SYSTEM32\AUDIOSES.DLL
0x00007ff9e9340000 - 0x00007ff9e9476000 	C:\WINDOWS\SYSTEM32\wintypes.dll
0x00007ff9b0380000 - 0x00007ff9b0e9f000 	C:\WINDOWS\SYSTEM32\ig75icd64.dll
0x00007ff9e5100000 - 0x00007ff9e5b1f000 	C:\WINDOWS\SYSTEM32\igdusc64.dll
0x00007ff9eae10000 - 0x00007ff9eae23000 	C:\WINDOWS\SYSTEM32\WTSAPI32.dll
0x00007ff9e7bf0000 - 0x00007ff9e7c81000 	C:\WINDOWS\SYSTEM32\mscms.dll
0x00007ff9ecbe0000 - 0x00007ff9ecbff000 	C:\WINDOWS\SYSTEM32\USERENV.dll
0x00007ff9cc6f0000 - 0x00007ff9cc732000 	C:\WINDOWS\SYSTEM32\icm32.dll
0x00007ff9d86b0000 - 0x00007ff9d883d000 	C:\WINDOWS\SYSTEM32\d3d9.dll
0x00007ff9dce00000 - 0x00007ff9dcf92000 	C:\WINDOWS\SYSTEM32\dbghelp.dll

VM Arguments:
jvm_args: -Djava.library.path=C:\Users\Alec\workspace\SurvivalShooter\windows -Dfile.encoding=Cp1252 
java_command: Main
java_class_path (initial): C:\Users\Alec\workspace\SurvivalShooter\bin;C:\Users\Alec\workspace\SurvivalShooter\lib\lwjgl.jar;C:\Users\Alec\workspace\SurvivalShooter\lib\slick.jar;C:\Users\Alec\workspace\SurvivalShooter\lib\natives-windows.jar;C:\Users\Alec\workspace\SurvivalShooter\lib\NitroNet.jar
Launcher Type: SUN_STANDARD

Environment Variables:
PATH=C:/Program Files/Java/jre1.8.0_73/bin/server;C:/Program Files/Java/jre1.8.0_73/bin;C:/Program Files/Java/jre1.8.0_73/lib/amd64;C:\ProgramData\Oracle\Java\javapath;C:\Program Files (x86)\Intel\iCLS Client\;C:\Program Files\Intel\iCLS Client\;C:\Windows\system32;C:\Windows;C:\Windows\System32\Wbem;C:\Windows\System32\WindowsPowerShell\v1.0\;C:\Program Files (x86)\NVIDIA Corporation\PhysX\Common;C:\Program Files (x86)\Intel\Intel(R) Management Engine Components\DAL;C:\Program Files\Intel\Intel(R) Management Engine Components\DAL;C:\Program Files (x86)\Intel\Intel(R) Management Engine Components\IPT;C:\Program Files\Intel\Intel(R) Management Engine Components\IPT;C:\WINDOWS\system32;C:\WINDOWS;C:\WINDOWS\System32\Wbem;C:\WINDOWS\System32\WindowsPowerShell\v1.0\;C:\Program Files\nodejs\;C:\ProgramData\chocolatey\bin;C:\Program Files\Git\cmd;C:\Program Files (x86)\Skype\Phone\;C:\Program Files\Calibre2\;C:\WINDOWS\system32;C:\WINDOWS;C:\WINDOWS\System32\Wbem;C:\WINDOWS\System32\WindowsPowerShell\v1.0\;C:\Program Files\Intel\WiFi\bin\;C:\Program Files\Common Files\Intel\WirelessCommon\;C:\Users\Alec\AppData\Local\.meteor\;C:\Program Files (x86)\Microsoft VS Code\bin;C:\Users\Alec\AppData\Roaming\npm;%USERPROFILE%\AppData\Local\Microsoft\WindowsApps;;C:\WINDOWS\System32;
USERNAME=Alec
OS=Windows_NT
PROCESSOR_IDENTIFIER=Intel64 Family 6 Model 60 Stepping 3, GenuineIntel



---------------  S Y S T E M  ---------------

OS: Windows 10.0 , 64 bit Build 14393 (10.0.14393.0)

CPU:total 4 (2 cores per cpu, 2 threads per core) family 6 model 60 stepping 3, cmov, cx8, fxsr, mmx, sse, sse2, sse3, ssse3, sse4.1, sse4.2, popcnt, avx, avx2, aes, clmul, erms, lzcnt, ht, tsc, tscinvbit, bmi1, bmi2

Memory: 4k page, physical 4109940k(299504k free), swap 8304244k(1453584k free)

vm_info: Java HotSpot(TM) 64-Bit Server VM (25.73-b02) for windows-amd64 JRE (1.8.0_73-b02), built on Jan 29 2016 17:38:49 by "java_re" with MS VC++ 10.0 (VS2010)

time: Mon Oct 31 04:38:43 2016
elapsed time: 22 seconds (0d 0h 0m 22s)

